<?xml version="1.0" encoding="UTF-8"?>
<!-- Generated by org.testng.reporters.JUnitReportReporter -->
<testsuite hostname="LAPTOP-J00PC3R7" failures="0" tests="1" name="test_Scripts.TestScript_1" time="4.186" errors="0" timestamp="2023-09-20T22:34:41 IST" skipped="0">
  <testcase classname="test_Scripts.TestScript_1" name="testScript1" time="4.186"/>
  <system-out/>
</testsuite> <!-- test_Scripts.TestScript_1 -->
