<?xml version="1.0" encoding="UTF-8"?>
<!-- Generated by org.testng.reporters.JUnitReportReporter -->
<testsuite hostname="LAPTOP-J00PC3R7" failures="0" tests="1" name="test_Scripts.AddCart" time="4.266" errors="0" timestamp="2023-09-20T22:34:54 IST" skipped="0">
  <testcase classname="test_Scripts.AddCart" name="addCartMethod" time="4.266"/>
  <system-out/>
</testsuite> <!-- test_Scripts.AddCart -->
