<?xml version="1.0" encoding="UTF-8"?>
<!-- Generated by org.testng.reporters.JUnitReportReporter -->
<testsuite hostname="DESKTOP-P43RQJM" failures="0" tests="1" name="test_Scripts.TestScript_1" time="6.162" errors="0" timestamp="2023-09-11T01:21:33 IST" skipped="0">
  <testcase classname="test_Scripts.TestScript_1" name="testScript1" time="6.162"/>
</testsuite> <!-- test_Scripts.TestScript_1 -->
