<?xml version="1.0" encoding="UTF-8"?>
<!-- Generated by org.testng.reporters.JUnitReportReporter -->
<testsuite hostname="DESKTOP-P43RQJM" failures="0" tests="1" name="test_Scripts.AddCart" time="4.233" errors="0" timestamp="2023-09-11T02:18:01 IST" skipped="0">
  <testcase classname="test_Scripts.AddCart" name="addCartMethod" time="4.233"/>
</testsuite> <!-- test_Scripts.AddCart -->
